{"C:\\Users\\fabiano.faleiros\\projects\\pessoal\\unicad\\unicad-back-end\\src\\__tests__\\fakes\\FakeDeliveryRepository.ts": {"path":"C:\\Users\\fabiano.faleiros\\projects\\pessoal\\unicad\\unicad-back-end\\src\\__tests__\\fakes\\FakeDeliveryRepository.ts","all":false,"statementMap":{"0":{"start":{"line":1,"column":0},"end":{"line":1,"column":51}},"1":{"start":{"line":2,"column":0},"end":{"line":2,"column":80}},"2":{"start":{"line":3,"column":0},"end":{"line":3,"column":63}},"3":{"start":{"line":4,"column":0},"end":{"line":4,"column":59}},"4":{"start":{"line":5,"column":0},"end":{"line":5,"column":0}},"5":{"start":{"line":6,"column":0},"end":{"line":6,"column":61}},"6":{"start":{"line":7,"column":0},"end":{"line":7,"column":38}},"7":{"start":{"line":8,"column":0},"end":{"line":8,"column":0}},"8":{"start":{"line":9,"column":0},"end":{"line":9,"column":63}},"9":{"start":{"line":10,"column":0},"end":{"line":10,"column":74}},"10":{"start":{"line":11,"column":0},"end":{"line":11,"column":0}},"11":{"start":{"line":12,"column":0},"end":{"line":12,"column":28}},"12":{"start":{"line":13,"column":0},"end":{"line":13,"column":3}},"13":{"start":{"line":14,"column":0},"end":{"line":14,"column":0}},"14":{"start":{"line":15,"column":0},"end":{"line":15,"column":72}},"15":{"start":{"line":16,"column":0},"end":{"line":16,"column":32}},"16":{"start":{"line":17,"column":0},"end":{"line":17,"column":0}},"17":{"start":{"line":18,"column":0},"end":{"line":18,"column":70}},"18":{"start":{"line":19,"column":0},"end":{"line":19,"column":0}},"19":{"start":{"line":20,"column":0},"end":{"line":20,"column":31}},"20":{"start":{"line":21,"column":0},"end":{"line":21,"column":0}},"21":{"start":{"line":22,"column":0},"end":{"line":22,"column":16}},"22":{"start":{"line":23,"column":0},"end":{"line":23,"column":3}},"23":{"start":{"line":24,"column":0},"end":{"line":24,"column":0}},"24":{"start":{"line":25,"column":0},"end":{"line":25,"column":20}},"25":{"start":{"line":26,"column":0},"end":{"line":26,"column":27}},"26":{"start":{"line":27,"column":0},"end":{"line":27,"column":51}},"27":{"start":{"line":28,"column":0},"end":{"line":28,"column":12}},"28":{"start":{"line":29,"column":0},"end":{"line":29,"column":28}},"29":{"start":{"line":30,"column":0},"end":{"line":30,"column":36}},"30":{"start":{"line":31,"column":0},"end":{"line":31,"column":6}},"31":{"start":{"line":32,"column":0},"end":{"line":32,"column":3}},"32":{"start":{"line":33,"column":0},"end":{"line":33,"column":0}},"33":{"start":{"line":34,"column":0},"end":{"line":34,"column":50}},"34":{"start":{"line":35,"column":0},"end":{"line":35,"column":68}},"35":{"start":{"line":36,"column":0},"end":{"line":36,"column":0}},"36":{"start":{"line":37,"column":0},"end":{"line":37,"column":37}},"37":{"start":{"line":38,"column":0},"end":{"line":38,"column":3}},"38":{"start":{"line":39,"column":0},"end":{"line":39,"column":1}},"39":{"start":{"line":40,"column":0},"end":{"line":40,"column":0}},"40":{"start":{"line":41,"column":0},"end":{"line":41,"column":38}}},"s":{"0":1,"1":1,"2":1,"3":1,"4":1,"5":5,"6":5,"7":5,"8":5,"9":3,"10":3,"11":3,"12":3,"13":5,"14":5,"15":4,"16":4,"17":4,"18":4,"19":4,"20":4,"21":4,"22":4,"23":5,"24":5,"25":1,"26":1,"27":1,"28":1,"29":1,"30":1,"31":1,"32":5,"33":5,"34":1,"35":1,"36":1,"37":1,"38":5,"39":1,"40":1},"branchMap":{"0":{"type":"branch","line":6,"loc":{"start":{"line":6,"column":0},"end":{"line":39,"column":1}},"locations":[{"start":{"line":6,"column":0},"end":{"line":39,"column":1}}]},"1":{"type":"branch","line":9,"loc":{"start":{"line":9,"column":15},"end":{"line":13,"column":3}},"locations":[{"start":{"line":9,"column":15},"end":{"line":13,"column":3}}]},"2":{"type":"branch","line":12,"loc":{"start":{"line":12,"column":19},"end":{"line":12,"column":18}},"locations":[{"start":{"line":12,"column":19},"end":{"line":12,"column":18}}]},"3":{"type":"branch","line":12,"loc":{"start":{"line":12,"column":19},"end":{"line":12,"column":27}},"locations":[{"start":{"line":12,"column":19},"end":{"line":12,"column":27}}]},"4":{"type":"branch","line":10,"loc":{"start":{"line":10,"column":42},"end":{"line":10,"column":72}},"locations":[{"start":{"line":10,"column":42},"end":{"line":10,"column":72}}]},"5":{"type":"branch","line":15,"loc":{"start":{"line":15,"column":15},"end":{"line":23,"column":3}},"locations":[{"start":{"line":15,"column":15},"end":{"line":23,"column":3}}]},"6":{"type":"branch","line":25,"loc":{"start":{"line":25,"column":15},"end":{"line":32,"column":3}},"locations":[{"start":{"line":25,"column":15},"end":{"line":32,"column":3}}]},"7":{"type":"branch","line":34,"loc":{"start":{"line":34,"column":15},"end":{"line":38,"column":3}},"locations":[{"start":{"line":34,"column":15},"end":{"line":38,"column":3}}]},"8":{"type":"branch","line":35,"loc":{"start":{"line":35,"column":44},"end":{"line":35,"column":66}},"locations":[{"start":{"line":35,"column":44},"end":{"line":35,"column":66}}]}},"b":{"0":[5],"1":[3],"2":[1],"3":[2],"4":[1],"5":[4],"6":[1],"7":[1],"8":[1]},"fnMap":{"0":{"name":"FakeDeliveryRepository","decl":{"start":{"line":6,"column":0},"end":{"line":39,"column":1}},"loc":{"start":{"line":6,"column":0},"end":{"line":39,"column":1}},"line":6},"1":{"name":"findById","decl":{"start":{"line":9,"column":15},"end":{"line":13,"column":3}},"loc":{"start":{"line":9,"column":15},"end":{"line":13,"column":3}},"line":9},"2":{"name":"create","decl":{"start":{"line":15,"column":15},"end":{"line":23,"column":3}},"loc":{"start":{"line":15,"column":15},"end":{"line":23,"column":3}},"line":15},"3":{"name":"list","decl":{"start":{"line":25,"column":15},"end":{"line":32,"column":3}},"loc":{"start":{"line":25,"column":15},"end":{"line":32,"column":3}},"line":25},"4":{"name":"delete","decl":{"start":{"line":34,"column":15},"end":{"line":38,"column":3}},"loc":{"start":{"line":34,"column":15},"end":{"line":38,"column":3}},"line":34}},"f":{"0":5,"1":3,"2":4,"3":1,"4":1}}
,"C:\\Users\\fabiano.faleiros\\projects\\pessoal\\unicad\\unicad-back-end\\src\\entities\\Delivery.ts": {"path":"C:\\Users\\fabiano.faleiros\\projects\\pessoal\\unicad\\unicad-back-end\\src\\entities\\Delivery.ts","all":false,"statementMap":{"0":{"start":{"line":1,"column":0},"end":{"line":1,"column":8}},"1":{"start":{"line":2,"column":0},"end":{"line":2,"column":9}},"2":{"start":{"line":3,"column":0},"end":{"line":3,"column":25}},"3":{"start":{"line":4,"column":0},"end":{"line":4,"column":9}},"4":{"start":{"line":5,"column":0},"end":{"line":5,"column":19}},"5":{"start":{"line":6,"column":0},"end":{"line":6,"column":19}},"6":{"start":{"line":7,"column":0},"end":{"line":7,"column":17}},"7":{"start":{"line":8,"column":0},"end":{"line":8,"column":0}},"8":{"start":{"line":9,"column":0},"end":{"line":9,"column":9}},"9":{"start":{"line":10,"column":0},"end":{"line":10,"column":23}},"10":{"start":{"line":11,"column":0},"end":{"line":11,"column":27}},"11":{"start":{"line":12,"column":0},"end":{"line":12,"column":13}},"12":{"start":{"line":13,"column":0},"end":{"line":13,"column":0}},"13":{"start":{"line":14,"column":0},"end":{"line":14,"column":11}},"14":{"start":{"line":15,"column":0},"end":{"line":15,"column":15}},"15":{"start":{"line":16,"column":0},"end":{"line":16,"column":0}},"16":{"start":{"line":17,"column":0},"end":{"line":17,"column":11}},"17":{"start":{"line":18,"column":0},"end":{"line":18,"column":21}},"18":{"start":{"line":19,"column":0},"end":{"line":19,"column":0}},"19":{"start":{"line":20,"column":0},"end":{"line":20,"column":20}},"20":{"start":{"line":21,"column":0},"end":{"line":21,"column":26}},"21":{"start":{"line":22,"column":0},"end":{"line":22,"column":0}},"22":{"start":{"line":23,"column":0},"end":{"line":23,"column":20}},"23":{"start":{"line":24,"column":0},"end":{"line":24,"column":27}},"24":{"start":{"line":25,"column":0},"end":{"line":25,"column":0}},"25":{"start":{"line":26,"column":0},"end":{"line":26,"column":20}},"26":{"start":{"line":27,"column":0},"end":{"line":27,"column":24}},"27":{"start":{"line":28,"column":0},"end":{"line":28,"column":0}},"28":{"start":{"line":29,"column":0},"end":{"line":29,"column":20}},"29":{"start":{"line":30,"column":0},"end":{"line":30,"column":25}},"30":{"start":{"line":31,"column":0},"end":{"line":31,"column":0}},"31":{"start":{"line":32,"column":0},"end":{"line":32,"column":21}},"32":{"start":{"line":33,"column":0},"end":{"line":33,"column":18}},"33":{"start":{"line":34,"column":0},"end":{"line":34,"column":0}},"34":{"start":{"line":35,"column":0},"end":{"line":35,"column":21}},"35":{"start":{"line":36,"column":0},"end":{"line":36,"column":18}},"36":{"start":{"line":37,"column":0},"end":{"line":37,"column":1}}},"s":{"0":1,"1":1,"2":1,"3":1,"4":1,"5":1,"6":1,"7":1,"8":1,"9":1,"10":1,"11":1,"12":1,"13":1,"14":1,"15":1,"16":1,"17":1,"18":1,"19":1,"20":1,"21":1,"22":1,"23":1,"24":1,"25":1,"26":1,"27":1,"28":1,"29":1,"30":1,"31":1,"32":1,"33":1,"34":1,"35":1,"36":1},"branchMap":{},"b":{},"fnMap":{},"f":{}}
,"C:\\Users\\fabiano.faleiros\\projects\\pessoal\\unicad\\unicad-back-end\\src\\helpers\\AppError.ts": {"path":"C:\\Users\\fabiano.faleiros\\projects\\pessoal\\unicad\\unicad-back-end\\src\\helpers\\AppError.ts","all":false,"statementMap":{"0":{"start":{"line":1,"column":0},"end":{"line":1,"column":16}},"1":{"start":{"line":2,"column":0},"end":{"line":2,"column":34}},"2":{"start":{"line":3,"column":0},"end":{"line":3,"column":0}},"3":{"start":{"line":4,"column":0},"end":{"line":4,"column":37}},"4":{"start":{"line":5,"column":0},"end":{"line":5,"column":0}},"5":{"start":{"line":6,"column":0},"end":{"line":6,"column":50}},"6":{"start":{"line":7,"column":0},"end":{"line":7,"column":27}},"7":{"start":{"line":8,"column":0},"end":{"line":8,"column":33}},"8":{"start":{"line":9,"column":0},"end":{"line":9,"column":3}},"9":{"start":{"line":10,"column":0},"end":{"line":10,"column":1}},"10":{"start":{"line":11,"column":0},"end":{"line":11,"column":0}},"11":{"start":{"line":12,"column":0},"end":{"line":12,"column":24}}},"s":{"0":1,"1":1,"2":1,"3":1,"4":1,"5":1,"6":2,"7":2,"8":2,"9":1,"10":1,"11":1},"branchMap":{"0":{"type":"branch","line":6,"loc":{"start":{"line":6,"column":2},"end":{"line":9,"column":3}},"locations":[{"start":{"line":6,"column":2},"end":{"line":9,"column":3}}]}},"b":{"0":[2]},"fnMap":{"0":{"name":"AppError","decl":{"start":{"line":6,"column":2},"end":{"line":9,"column":3}},"loc":{"start":{"line":6,"column":2},"end":{"line":9,"column":3}},"line":6}},"f":{"0":2}}
,"C:\\Users\\fabiano.faleiros\\projects\\pessoal\\unicad\\unicad-back-end\\src\\services\\CreateDeliveryService.ts": {"path":"C:\\Users\\fabiano.faleiros\\projects\\pessoal\\unicad\\unicad-back-end\\src\\services\\CreateDeliveryService.ts","all":false,"statementMap":{"0":{"start":{"line":1,"column":0},"end":{"line":1,"column":46}},"1":{"start":{"line":2,"column":0},"end":{"line":2,"column":0}},"2":{"start":{"line":3,"column":0},"end":{"line":3,"column":48}},"3":{"start":{"line":4,"column":0},"end":{"line":4,"column":77}},"4":{"start":{"line":5,"column":0},"end":{"line":5,"column":43}},"5":{"start":{"line":6,"column":0},"end":{"line":6,"column":0}},"6":{"start":{"line":7,"column":0},"end":{"line":7,"column":20}},"7":{"start":{"line":8,"column":0},"end":{"line":8,"column":15}},"8":{"start":{"line":9,"column":0},"end":{"line":9,"column":21}},"9":{"start":{"line":10,"column":0},"end":{"line":10,"column":26}},"10":{"start":{"line":11,"column":0},"end":{"line":11,"column":27}},"11":{"start":{"line":12,"column":0},"end":{"line":12,"column":24}},"12":{"start":{"line":13,"column":0},"end":{"line":13,"column":25}},"13":{"start":{"line":14,"column":0},"end":{"line":14,"column":1}},"14":{"start":{"line":15,"column":0},"end":{"line":15,"column":0}},"15":{"start":{"line":16,"column":0},"end":{"line":16,"column":13}},"16":{"start":{"line":17,"column":0},"end":{"line":17,"column":29}},"17":{"start":{"line":18,"column":0},"end":{"line":18,"column":14}},"18":{"start":{"line":19,"column":0},"end":{"line":19,"column":33}},"19":{"start":{"line":20,"column":0},"end":{"line":20,"column":52}},"20":{"start":{"line":21,"column":0},"end":{"line":21,"column":6}},"21":{"start":{"line":22,"column":0},"end":{"line":22,"column":0}},"22":{"start":{"line":23,"column":0},"end":{"line":23,"column":72}},"23":{"start":{"line":24,"column":0},"end":{"line":24,"column":62}},"24":{"start":{"line":25,"column":0},"end":{"line":25,"column":67}},"25":{"start":{"line":26,"column":0},"end":{"line":26,"column":5}},"26":{"start":{"line":27,"column":0},"end":{"line":27,"column":0}},"27":{"start":{"line":28,"column":0},"end":{"line":28,"column":59}},"28":{"start":{"line":29,"column":0},"end":{"line":29,"column":36}},"29":{"start":{"line":30,"column":0},"end":{"line":30,"column":70}},"30":{"start":{"line":31,"column":0},"end":{"line":31,"column":32}},"31":{"start":{"line":32,"column":0},"end":{"line":32,"column":6}},"32":{"start":{"line":33,"column":0},"end":{"line":33,"column":0}},"33":{"start":{"line":34,"column":0},"end":{"line":34,"column":20}},"34":{"start":{"line":35,"column":0},"end":{"line":35,"column":3}},"35":{"start":{"line":36,"column":0},"end":{"line":36,"column":1}},"36":{"start":{"line":37,"column":0},"end":{"line":37,"column":0}},"37":{"start":{"line":38,"column":0},"end":{"line":38,"column":37}},"38":{"start":{"line":39,"column":0},"end":{"line":39,"column":0}},"39":{"start":{"line":40,"column":0},"end":{"line":40,"column":0}},"40":{"start":{"line":41,"column":0},"end":{"line":41,"column":0}},"41":{"start":{"line":42,"column":0},"end":{"line":42,"column":0}},"42":{"start":{"line":43,"column":0},"end":{"line":43,"column":0}},"43":{"start":{"line":44,"column":0},"end":{"line":44,"column":0}},"44":{"start":{"line":45,"column":0},"end":{"line":45,"column":38427}}},"s":{"0":1,"1":1,"2":1,"3":1,"4":1,"5":1,"6":1,"7":1,"8":1,"9":1,"10":1,"11":1,"12":1,"13":1,"14":1,"15":1,"16":1,"17":1,"18":2,"19":2,"20":2,"21":1,"22":1,"23":2,"24":1,"25":1,"26":1,"27":1,"28":1,"29":1,"30":1,"31":1,"32":1,"33":1,"34":1,"35":1,"36":1,"37":1,"38":1,"39":1,"40":1,"41":1,"42":1,"43":1,"44":1},"branchMap":{"0":{"type":"branch","line":18,"loc":{"start":{"line":18,"column":2},"end":{"line":21,"column":6}},"locations":[{"start":{"line":18,"column":2},"end":{"line":21,"column":6}}]},"1":{"type":"branch","line":23,"loc":{"start":{"line":23,"column":15},"end":{"line":35,"column":3}},"locations":[{"start":{"line":23,"column":15},"end":{"line":35,"column":3}}]},"2":{"type":"branch","line":24,"loc":{"start":{"line":24,"column":61},"end":{"line":35,"column":3}},"locations":[{"start":{"line":24,"column":61},"end":{"line":35,"column":3}}]},"3":{"type":"branch","line":45,"loc":{"start":{"line":45,"column":21},"end":{"line":45,"column":37844}},"locations":[{"start":{"line":45,"column":21},"end":{"line":45,"column":37844}}]},"4":{"type":"branch","line":45,"loc":{"start":{"line":45,"column":37833},"end":{"line":45,"column":37843}},"locations":[{"start":{"line":45,"column":37833},"end":{"line":45,"column":37843}}]},"5":{"type":"branch","line":45,"loc":{"start":{"line":45,"column":37845},"end":{"line":45,"column":37931}},"locations":[{"start":{"line":45,"column":37845},"end":{"line":45,"column":37931}}]},"6":{"type":"branch","line":45,"loc":{"start":{"line":45,"column":37911},"end":{"line":45,"column":37921}},"locations":[{"start":{"line":45,"column":37911},"end":{"line":45,"column":37921}}]}},"b":{"0":[2],"1":[2],"2":[1],"3":[1],"4":[0],"5":[1],"6":[0]},"fnMap":{"0":{"name":"CreateDeliveryService","decl":{"start":{"line":18,"column":2},"end":{"line":21,"column":6}},"loc":{"start":{"line":18,"column":2},"end":{"line":21,"column":6}},"line":18},"1":{"name":"execute","decl":{"start":{"line":23,"column":15},"end":{"line":35,"column":3}},"loc":{"start":{"line":23,"column":15},"end":{"line":35,"column":3}},"line":23},"2":{"name":"oo_cm","decl":{"start":{"line":45,"column":21},"end":{"line":45,"column":37844}},"loc":{"start":{"line":45,"column":21},"end":{"line":45,"column":37844}},"line":45},"3":{"name":"oo_oo","decl":{"start":{"line":45,"column":37845},"end":{"line":45,"column":37931}},"loc":{"start":{"line":45,"column":37845},"end":{"line":45,"column":37931}},"line":45},"4":{"name":"oo_tr","decl":{"start":{"line":45,"column":37938},"end":{"line":45,"column":38026}},"loc":{"start":{"line":45,"column":37938},"end":{"line":45,"column":38026}},"line":45},"5":{"name":"oo_ts","decl":{"start":{"line":45,"column":38033},"end":{"line":45,"column":38088}},"loc":{"start":{"line":45,"column":38033},"end":{"line":45,"column":38088}},"line":45},"6":{"name":"oo_te","decl":{"start":{"line":45,"column":38095},"end":{"line":45,"column":38153}},"loc":{"start":{"line":45,"column":38095},"end":{"line":45,"column":38153}},"line":45}},"f":{"0":2,"1":2,"2":1,"3":1,"4":0,"5":0,"6":0}}
,"C:\\Users\\fabiano.faleiros\\projects\\pessoal\\unicad\\unicad-back-end\\src\\services\\DeleteDeliveryService.ts": {"path":"C:\\Users\\fabiano.faleiros\\projects\\pessoal\\unicad\\unicad-back-end\\src\\services\\DeleteDeliveryService.ts","all":false,"statementMap":{"0":{"start":{"line":1,"column":0},"end":{"line":1,"column":46}},"1":{"start":{"line":2,"column":0},"end":{"line":2,"column":0}},"2":{"start":{"line":3,"column":0},"end":{"line":3,"column":77}},"3":{"start":{"line":4,"column":0},"end":{"line":4,"column":43}},"4":{"start":{"line":5,"column":0},"end":{"line":5,"column":0}},"5":{"start":{"line":6,"column":0},"end":{"line":6,"column":20}},"6":{"start":{"line":7,"column":0},"end":{"line":7,"column":13}},"7":{"start":{"line":8,"column":0},"end":{"line":8,"column":1}},"8":{"start":{"line":9,"column":0},"end":{"line":9,"column":0}},"9":{"start":{"line":10,"column":0},"end":{"line":10,"column":13}},"10":{"start":{"line":11,"column":0},"end":{"line":11,"column":29}},"11":{"start":{"line":12,"column":0},"end":{"line":12,"column":14}},"12":{"start":{"line":13,"column":0},"end":{"line":13,"column":33}},"13":{"start":{"line":14,"column":0},"end":{"line":14,"column":52}},"14":{"start":{"line":15,"column":0},"end":{"line":15,"column":6}},"15":{"start":{"line":16,"column":0},"end":{"line":16,"column":0}},"16":{"start":{"line":17,"column":0},"end":{"line":17,"column":56}},"17":{"start":{"line":18,"column":0},"end":{"line":18,"column":73}},"18":{"start":{"line":19,"column":0},"end":{"line":19,"column":15}},"19":{"start":{"line":20,"column":0},"end":{"line":20,"column":6}},"20":{"start":{"line":21,"column":0},"end":{"line":21,"column":0}},"21":{"start":{"line":22,"column":0},"end":{"line":22,"column":33}},"22":{"start":{"line":23,"column":0},"end":{"line":23,"column":68}},"23":{"start":{"line":24,"column":0},"end":{"line":24,"column":5}},"24":{"start":{"line":25,"column":0},"end":{"line":25,"column":0}},"25":{"start":{"line":26,"column":0},"end":{"line":26,"column":51}},"26":{"start":{"line":27,"column":0},"end":{"line":27,"column":74}},"27":{"start":{"line":28,"column":0},"end":{"line":28,"column":3}},"28":{"start":{"line":29,"column":0},"end":{"line":29,"column":1}},"29":{"start":{"line":30,"column":0},"end":{"line":30,"column":0}},"30":{"start":{"line":31,"column":0},"end":{"line":31,"column":37}}},"s":{"0":1,"1":1,"2":1,"3":1,"4":1,"5":1,"6":1,"7":1,"8":1,"9":1,"10":1,"11":1,"12":2,"13":2,"14":2,"15":1,"16":1,"17":2,"18":2,"19":2,"20":2,"21":2,"22":1,"23":1,"24":1,"25":1,"26":1,"27":1,"28":1,"29":1,"30":1},"branchMap":{"0":{"type":"branch","line":12,"loc":{"start":{"line":12,"column":2},"end":{"line":15,"column":6}},"locations":[{"start":{"line":12,"column":2},"end":{"line":15,"column":6}}]},"1":{"type":"branch","line":17,"loc":{"start":{"line":17,"column":15},"end":{"line":28,"column":3}},"locations":[{"start":{"line":17,"column":15},"end":{"line":28,"column":3}}]},"2":{"type":"branch","line":22,"loc":{"start":{"line":22,"column":32},"end":{"line":28,"column":3}},"locations":[{"start":{"line":22,"column":32},"end":{"line":28,"column":3}}]}},"b":{"0":[2],"1":[2],"2":[1]},"fnMap":{"0":{"name":"DeleteDeliveryService","decl":{"start":{"line":12,"column":2},"end":{"line":15,"column":6}},"loc":{"start":{"line":12,"column":2},"end":{"line":15,"column":6}},"line":12},"1":{"name":"execute","decl":{"start":{"line":17,"column":15},"end":{"line":28,"column":3}},"loc":{"start":{"line":17,"column":15},"end":{"line":28,"column":3}},"line":17}},"f":{"0":2,"1":2}}
,"C:\\Users\\fabiano.faleiros\\projects\\pessoal\\unicad\\unicad-back-end\\src\\services\\ListDeliveryService.ts": {"path":"C:\\Users\\fabiano.faleiros\\projects\\pessoal\\unicad\\unicad-back-end\\src\\services\\ListDeliveryService.ts","all":false,"statementMap":{"0":{"start":{"line":1,"column":0},"end":{"line":1,"column":46}},"1":{"start":{"line":2,"column":0},"end":{"line":2,"column":0}},"2":{"start":{"line":3,"column":0},"end":{"line":3,"column":48}},"3":{"start":{"line":4,"column":0},"end":{"line":4,"column":77}},"4":{"start":{"line":5,"column":0},"end":{"line":5,"column":0}},"5":{"start":{"line":6,"column":0},"end":{"line":6,"column":20}},"6":{"start":{"line":7,"column":0},"end":{"line":7,"column":16}},"7":{"start":{"line":8,"column":0},"end":{"line":8,"column":17}},"8":{"start":{"line":9,"column":0},"end":{"line":9,"column":1}},"9":{"start":{"line":10,"column":0},"end":{"line":10,"column":0}},"10":{"start":{"line":11,"column":0},"end":{"line":11,"column":21}},"11":{"start":{"line":12,"column":0},"end":{"line":12,"column":19}},"12":{"start":{"line":13,"column":0},"end":{"line":13,"column":16}},"13":{"start":{"line":14,"column":0},"end":{"line":14,"column":1}},"14":{"start":{"line":15,"column":0},"end":{"line":15,"column":0}},"15":{"start":{"line":16,"column":0},"end":{"line":16,"column":13}},"16":{"start":{"line":17,"column":0},"end":{"line":17,"column":27}},"17":{"start":{"line":18,"column":0},"end":{"line":18,"column":14}},"18":{"start":{"line":19,"column":0},"end":{"line":19,"column":33}},"19":{"start":{"line":20,"column":0},"end":{"line":20,"column":52}},"20":{"start":{"line":21,"column":0},"end":{"line":21,"column":6}},"21":{"start":{"line":22,"column":0},"end":{"line":22,"column":0}},"22":{"start":{"line":23,"column":0},"end":{"line":23,"column":61}},"23":{"start":{"line":24,"column":0},"end":{"line":24,"column":65}},"24":{"start":{"line":25,"column":0},"end":{"line":25,"column":16}},"25":{"start":{"line":26,"column":0},"end":{"line":26,"column":46}},"26":{"start":{"line":27,"column":0},"end":{"line":27,"column":33}},"27":{"start":{"line":28,"column":0},"end":{"line":28,"column":6}},"28":{"start":{"line":29,"column":0},"end":{"line":29,"column":0}},"29":{"start":{"line":30,"column":0},"end":{"line":30,"column":22}},"30":{"start":{"line":31,"column":0},"end":{"line":31,"column":3}},"31":{"start":{"line":32,"column":0},"end":{"line":32,"column":1}},"32":{"start":{"line":33,"column":0},"end":{"line":33,"column":0}},"33":{"start":{"line":34,"column":0},"end":{"line":34,"column":35}}},"s":{"0":1,"1":1,"2":1,"3":1,"4":1,"5":1,"6":1,"7":1,"8":1,"9":1,"10":1,"11":1,"12":1,"13":1,"14":1,"15":1,"16":1,"17":1,"18":1,"19":1,"20":1,"21":1,"22":1,"23":1,"24":1,"25":1,"26":1,"27":1,"28":1,"29":1,"30":1,"31":1,"32":1,"33":1},"branchMap":{"0":{"type":"branch","line":18,"loc":{"start":{"line":18,"column":2},"end":{"line":21,"column":6}},"locations":[{"start":{"line":18,"column":2},"end":{"line":21,"column":6}}]},"1":{"type":"branch","line":23,"loc":{"start":{"line":23,"column":15},"end":{"line":31,"column":3}},"locations":[{"start":{"line":23,"column":15},"end":{"line":31,"column":3}}]}},"b":{"0":[1],"1":[1]},"fnMap":{"0":{"name":"ListDeliveryService","decl":{"start":{"line":18,"column":2},"end":{"line":21,"column":6}},"loc":{"start":{"line":18,"column":2},"end":{"line":21,"column":6}},"line":18},"1":{"name":"execute","decl":{"start":{"line":23,"column":15},"end":{"line":31,"column":3}},"loc":{"start":{"line":23,"column":15},"end":{"line":31,"column":3}},"line":23}},"f":{"0":1,"1":1}}
}
